<?xml version="1.0" encoding="UTF-8"?>
<testng-results skipped="0" failed="0" ignored="0" total="1" passed="1">
  <reporter-output>
  </reporter-output>
  <suite name="Default suite" duration-ms="21532" started-at="2019-04-01T20:30:03Z" finished-at="2019-04-01T20:30:24Z">
    <groups>
    </groups>
    <test name="Default test" duration-ms="21532" started-at="2019-04-01T20:30:03Z" finished-at="2019-04-01T20:30:24Z">
      <class name="com.selenium.elements.practise.InputBox">
        <test-method status="PASS" signature="testInputBox()[pri:0, instance:com.selenium.elements.practise.InputBox@1b604f19]" name="testInputBox" duration-ms="21492" started-at="2019-04-01T20:30:03Z" finished-at="2019-04-01T20:30:24Z">
          <reporter-output>
          </reporter-output>
        </test-method> <!-- testInputBox -->
      </class> <!-- com.selenium.elements.practise.InputBox -->
    </test> <!-- Default test -->
  </suite> <!-- Default suite -->
</testng-results>
